Script started
Array
(
    [userId] => 18
    [roomCategory] => 2
    [roomNumber] => 8
    [bedSpace] => up
)
Script started
Array
(
    [userId] => 18
    [roomCategory] => 2
    [roomNumber] => 8
    [bedSpace] => up
)
Script started
Array
(
    [userId] => 17
    [roomCategory] => 1
    [roomNumber] => 2
    [bedSpace] => up
)
Script started
Array
(
    [userId] => 17
    [roomCategory] => 1
    [roomNumber] => 2
    [bedSpace] => up
)
Script started
Array
(
    [userId] => 17
    [roomCategory] => 1
    [roomNumber] => 2
    [bedSpace] => up
)
Script started
Array
(
    [userId] => 17
    [roomCategory] => 1
    [roomNumber] => 2
    [bedSpace] => up
)
Script started
Array
(
    [userId] => 17
    [roomCategory] => 1
    [roomNumber] => 2
    [bedSpace] => up
)
Script started
Array
(
    [userId] => 17
    [roomCategory] => 1
    [roomNumber] => 2
    [bedSpace] => up
)
Script started
Array
(
    [userId] => 18
    [roomCategory] => 1
    [roomNumber] => 1
    [bedSpace] => up
)
Script started
Array
(
    [userId] => 18
    [roomCategory] => 1
    [roomNumber] => 1
    [bedSpace] => up
)
Script started
Array
(
    [userId] => 18
    [roomCategory] => 1
    [roomNumber] => 1
    [bedSpace] => up
)
Script started
Array
(
    [userId] => 18
    [roomCategory] => 1
    [roomNumber] => 1
    [bedSpace] => up
)
Script started
Array
(
    [userId] => 18
    [roomCategory] => 2
    [roomNumber] => 8
    [bedSpace] => up
)
Script started
Array
(
    [userId] => 18
    [roomCategory] => 2
    [roomNumber] => 8
    [bedSpace] => up
)
Script started
Array
(
    [userId] => 18
    [roomCategory] => 2
    [roomNumber] => 8
    [bedSpace] => up
)
Script started
Array
(
    [userId] => 18
    [roomCategory] => 2
    [roomNumber] => 8
    [bedSpace] => up
)
Script started
Array
(
    [userId] => 18
    [roomCategory] => 2
    [roomNumber] => 8
    [bedSpace] => up
)
Script started
Array
(
    [userId] => 18
    [roomCategory] => 2
    [roomNumber] => 8
    [bedSpace] => up
)
Script started
Array
(
    [userId] => 18
    [roomCategory] => 2
    [roomNumber] => 8
    [bedSpace] => up
)
Script started
Array
(
    [userId] => 18
    [roomCategory] => 2
    [roomNumber] => 8
    [bedSpace] => up
)
Script started
Array
(
    [userId] => 18
    [roomCategory] => 2
    [roomNumber] => 8
    [bedSpace] => up
)
Script started
Script ended
